[debug] [2023-08-05T23:01:11.108Z] ----------------------------------------------------------------------
[debug] [2023-08-05T23:01:11.111Z] Command:       C:\Program Files\nodejs\node.exe C:\Users\Ghost\AppData\Roaming\npm\node_modules\firebase-tools\lib\bin\firebase.js serve
[debug] [2023-08-05T23:01:11.112Z] CLI Version:   12.4.7
[debug] [2023-08-05T23:01:11.113Z] Platform:      win32
[debug] [2023-08-05T23:01:11.113Z] Node Version:  v18.17.0
[debug] [2023-08-05T23:01:11.114Z] Time:          Sun Aug 06 2023 02:01:11 GMT+0300 (Eastern European Summer Time)
[debug] [2023-08-05T23:01:11.115Z] ----------------------------------------------------------------------
[debug] 
[debug] [2023-08-05T23:01:11.341Z] > command requires scopes: ["email","openid","https://www.googleapis.com/auth/cloudplatformprojects.readonly","https://www.googleapis.com/auth/firebase","https://www.googleapis.com/auth/cloud-platform"]
[debug] [2023-08-05T23:01:11.342Z] > authorizing via signed-in user (lylyahmed336@gmail.com)
[debug] [2023-08-05T23:01:11.343Z] [iam] checking project food-ac1e8 for permissions ["firebase.projects.get"]
[debug] [2023-08-05T23:01:11.346Z] >>> [apiv2][query] POST https://cloudresourcemanager.googleapis.com/v1/projects/food-ac1e8:testIamPermissions [none]
[debug] [2023-08-05T23:01:11.346Z] >>> [apiv2][(partial)header] POST https://cloudresourcemanager.googleapis.com/v1/projects/food-ac1e8:testIamPermissions x-goog-quota-user=projects/food-ac1e8
[debug] [2023-08-05T23:01:11.347Z] >>> [apiv2][body] POST https://cloudresourcemanager.googleapis.com/v1/projects/food-ac1e8:testIamPermissions {"permissions":["firebase.projects.get"]}
[debug] [2023-08-05T23:01:12.865Z] <<< [apiv2][status] POST https://cloudresourcemanager.googleapis.com/v1/projects/food-ac1e8:testIamPermissions 200
[debug] [2023-08-05T23:01:12.866Z] <<< [apiv2][body] POST https://cloudresourcemanager.googleapis.com/v1/projects/food-ac1e8:testIamPermissions {"permissions":["firebase.projects.get"]}
[debug] [2023-08-05T23:01:12.872Z] >>> [apiv2][query] GET https://firebase.googleapis.com/v1beta1/projects/food-ac1e8 [none]
[debug] [2023-08-05T23:01:13.296Z] <<< [apiv2][status] GET https://firebase.googleapis.com/v1beta1/projects/food-ac1e8 200
[debug] [2023-08-05T23:01:13.297Z] <<< [apiv2][body] GET https://firebase.googleapis.com/v1beta1/projects/food-ac1e8 {"projectId":"food-ac1e8","projectNumber":"573814761486","displayName":"DigitalTransformation","name":"projects/food-ac1e8","resources":{"hostingSite":"food-ac1e8"},"state":"ACTIVE","etag":"1_c5934610-353b-48a7-b79d-cba00c58c27b"}
[info] 
[info] === Serving from 'C:\Users\Ghost\Desktop\DigitalTransformation'...
[info] 
[debug] [2023-08-05T23:01:13.315Z] >>> [apiv2][query] GET https://firebasehosting.googleapis.com/v1beta1/projects/food-ac1e8/sites 
[debug] [2023-08-05T23:01:15.445Z] <<< [apiv2][status] GET https://firebasehosting.googleapis.com/v1beta1/projects/food-ac1e8/sites 200
[debug] [2023-08-05T23:01:15.445Z] <<< [apiv2][body] GET https://firebasehosting.googleapis.com/v1beta1/projects/food-ac1e8/sites {"sites":[{"name":"projects/food-ac1e8/sites/food-ac1e8","defaultUrl":"https://food-ac1e8.web.app","type":"DEFAULT_SITE"}]}
[debug] [2023-08-05T23:01:15.447Z] >>> [apiv2][query] GET https://firebase.googleapis.com/v1beta1/projects/food-ac1e8/webApps/-/config [none]
[debug] [2023-08-05T23:01:16.164Z] <<< [apiv2][status] GET https://firebase.googleapis.com/v1beta1/projects/food-ac1e8/webApps/-/config 200
[debug] [2023-08-05T23:01:16.165Z] <<< [apiv2][body] GET https://firebase.googleapis.com/v1beta1/projects/food-ac1e8/webApps/-/config {"projectId":"food-ac1e8","storageBucket":"food-ac1e8.appspot.com","apiKey":"AIzaSyCl2gsmwDLsLuzaWZfHFqdd2OUZFJANDk8","authDomain":"food-ac1e8.firebaseapp.com","messagingSenderId":"573814761486"}
[debug] [2023-08-05T23:01:16.203Z] >>> [apiv2][query] GET https://firebase.googleapis.com/v1beta1/projects/food-ac1e8 [none]
[debug] [2023-08-05T23:01:16.580Z] <<< [apiv2][status] GET https://firebase.googleapis.com/v1beta1/projects/food-ac1e8 200
[debug] [2023-08-05T23:01:16.580Z] <<< [apiv2][body] GET https://firebase.googleapis.com/v1beta1/projects/food-ac1e8 {"projectId":"food-ac1e8","projectNumber":"573814761486","displayName":"DigitalTransformation","name":"projects/food-ac1e8","resources":{"hostingSite":"food-ac1e8"},"state":"ACTIVE","etag":"1_c5934610-353b-48a7-b79d-cba00c58c27b"}
[info] i  hosting[food-ac1e8]: Serving hosting files from: public {"metadata":{"emulator":{"name":"hosting"},"message":"Serving hosting files from: \u001b[1mpublic\u001b[22m"}}
[info] +  hosting[food-ac1e8]: Local server: http://localhost:5000 {"metadata":{"emulator":{"name":"hosting"},"message":"Local server: \u001b[4m\u001b[1mhttp://localhost:5000\u001b[22m\u001b[24m"}}
[info] i  hosting: ::1 - - [05/Aug/2023:23:01:22 +0000] "GET / HTTP/1.1" 404 139 "-" "Mozilla/5.0 (Windows NT 10.0; Win64; x64) AppleWebKit/537.36 (KHTML, like Gecko) Chrome/115.0.0.0 Safari/537.36 Edg/115.0.1901.188" {"metadata":{"emulator":{"name":"hosting"},"message":"::1 - - [05/Aug/2023:23:01:22 +0000] \"GET / HTTP/1.1\" 404 139 \"-\" \"Mozilla/5.0 (Windows NT 10.0; Win64; x64) AppleWebKit/537.36 (KHTML, like Gecko) Chrome/115.0.0.0 Safari/537.36 Edg/115.0.1901.188\""}}
